This file contains any messages produced by compilers while
running configure, to aid debugging if configure makes a mistake.

It was created by jscoverage configure 0.4, which was
generated by GNU Autoconf 2.61.  Invocation command line was

  $ ./configure 

## --------- ##
## Platform. ##
## --------- ##

hostname = bolanosc-MacBookPro
uname -m = x86_64
uname -r = 12.2.0
uname -s = Darwin
uname -v = Darwin Kernel Version 12.2.0: Sat Aug 25 00:48:52 PDT 2012; root:xnu-2050.18.24~1/RELEASE_X86_64

/usr/bin/uname -p = i386
/bin/uname -X     = unknown

/bin/arch              = unknown
/usr/bin/arch -k       = unknown
/usr/convex/getsysinfo = unknown
/usr/bin/hostinfo      = Mach kernel version:
	 Darwin Kernel Version 12.2.0: Sat Aug 25 00:48:52 PDT 2012; root:xnu-2050.18.24~1/RELEASE_X86_64
Kernel configured for up to 2 processors.
2 processors are physically available.
2 processors are logically available.
Processor type: i486 (Intel 80486)
Processors active: 0 1
Primary memory available: 4.00 gigabytes
Default processor set: 117 tasks, 630 threads, 2 processors
Load average: 2.30, Mach factor: 0.20
/bin/machine           = unknown
/usr/bin/oslevel       = unknown
/bin/universe          = unknown

PATH: /usr/bin
PATH: /bin
PATH: /usr/sbin
PATH: /sbin
PATH: /usr/local/bin
PATH: /usr/local/git/bin


## ----------- ##
## Core tests. ##
## ----------- ##

configure:1807: checking for a BSD-compatible install
configure:1863: result: /usr/bin/install -c
configure:1874: checking whether build environment is sane
configure:1917: result: yes
configure:1945: checking for a thread-safe mkdir -p
configure:1984: result: ./install-sh -c -d
configure:1997: checking for gawk
configure:2027: result: no
configure:1997: checking for mawk
configure:2027: result: no
configure:1997: checking for nawk
configure:2027: result: no
configure:1997: checking for awk
configure:2013: found /usr/bin/awk
configure:2024: result: awk
configure:2035: checking whether make sets $(MAKE)
configure:2060: result: no
configure:2253: checking build system type
configure:2271: result: i386-apple-darwin12.2.0
configure:2293: checking host system type
configure:2308: result: i386-apple-darwin12.2.0
configure:2380: checking for gcc
configure:2410: result: no
configure:2477: checking for cc
configure:2524: result: no
configure:2580: checking for cl.exe
configure:2610: result: no
configure:2639: error: no acceptable C compiler found in $PATH
See `config.log' for more details.

## ---------------- ##
## Cache variables. ##
## ---------------- ##

ac_cv_build=i386-apple-darwin12.2.0
ac_cv_env_CCC_set=
ac_cv_env_CCC_value=
ac_cv_env_CC_set=
ac_cv_env_CC_value=
ac_cv_env_CFLAGS_set=
ac_cv_env_CFLAGS_value=
ac_cv_env_CPPFLAGS_set=
ac_cv_env_CPPFLAGS_value=
ac_cv_env_CPP_set=
ac_cv_env_CPP_value=
ac_cv_env_CXXFLAGS_set=
ac_cv_env_CXXFLAGS_value=
ac_cv_env_CXX_set=
ac_cv_env_CXX_value=
ac_cv_env_LDFLAGS_set=
ac_cv_env_LDFLAGS_value=
ac_cv_env_LIBS_set=
ac_cv_env_LIBS_value=
ac_cv_env_build_alias_set=
ac_cv_env_build_alias_value=
ac_cv_env_host_alias_set=
ac_cv_env_host_alias_value=
ac_cv_env_target_alias_set=
ac_cv_env_target_alias_value=
ac_cv_host=i386-apple-darwin12.2.0
ac_cv_path_install='/usr/bin/install -c'
ac_cv_prog_AWK=awk
ac_cv_prog_make_make_set=no

## ----------------- ##
## Output variables. ##
## ----------------- ##

ACLOCAL='${SHELL} /Users/bolanosc/Documents/CQ5/CoralUI/components/node-jscoverage/missing --run aclocal-1.10'
AMDEPBACKSLASH=''
AMDEP_FALSE=''
AMDEP_TRUE=''
AMTAR='${SHELL} /Users/bolanosc/Documents/CQ5/CoralUI/components/node-jscoverage/missing --run tar'
AUTOCONF='${SHELL} /Users/bolanosc/Documents/CQ5/CoralUI/components/node-jscoverage/missing --run autoconf'
AUTOHEADER='${SHELL} /Users/bolanosc/Documents/CQ5/CoralUI/components/node-jscoverage/missing --run autoheader'
AUTOMAKE='${SHELL} /Users/bolanosc/Documents/CQ5/CoralUI/components/node-jscoverage/missing --run automake-1.10'
AWK='awk'
CC=''
CCDEPMODE=''
CFLAGS=''
CPP=''
CPPFLAGS=''
CXX=''
CXXDEPMODE=''
CXXFLAGS=''
CYGPATH_W='echo'
DEFS=''
DEPDIR=''
ECHO_C='ECHO_N=''
ECHO_T=''
EGREP=''
EXEEXT=''
EXTRA_SOCKET_LIBS=''
EXTRA_THREAD_LIBS=''
EXTRA_TIMER_LIBS=''
GREP=''
INSTALL_DATA='${INSTALL} -m 644'
INSTALL_PROGRAM='${INSTALL}'
INSTALL_SCRIPT='${INSTALL}'
INSTALL_STRIP_PROGRAM='$(install_sh) -c -s'
LDFLAGS=''
LIBICONV=''
LIBOBJS=''
LIBS=''
LTLIBICONV=''
LTLIBOBJS=''
MAKEINFO='${SHELL} /Users/bolanosc/Documents/CQ5/CoralUI/components/node-jscoverage/missing --run makeinfo'
OBJEXT=''
PACKAGE='jscoverage'
PACKAGE_BUGREPORT=''
PACKAGE_NAME='jscoverage'
PACKAGE_STRING='jscoverage 0.4'
PACKAGE_TARNAME='jscoverage'
PACKAGE_VERSION='0.4'
PATH_SEPARATOR=':'
SET_MAKE='MAKE=make'
SHELL='/bin/sh'
STRIP=''
VERSION='0.4'
XP_DEF=''
ac_ct_CC=''
ac_ct_CXX=''
am__fastdepCC_FALSE=''
am__fastdepCC_TRUE=''
am__fastdepCXX_FALSE=''
am__fastdepCXX_TRUE=''
am__include=''
am__isrc=''
am__leading_dot='.'
am__quote=''
am__tar='${AMTAR} chof - "$$tardir"'
am__untar='${AMTAR} xf -'
bindir='${exec_prefix}/bin'
build='i386-apple-darwin12.2.0'
build_alias=''
build_cpu='i386'
build_os='darwin12.2.0'
build_vendor='apple'
datadir='${datarootdir}'
datarootdir='${prefix}/share'
docdir='${datarootdir}/doc/${PACKAGE_TARNAME}'
dvidir='${docdir}'
exec_prefix='NONE'
host='i386-apple-darwin12.2.0'
host_alias=''
host_cpu='i386'
host_os='darwin12.2.0'
host_vendor='apple'
htmldir='${docdir}'
includedir='${prefix}/include'
infodir='${datarootdir}/info'
install_sh='$(SHELL) /Users/bolanosc/Documents/CQ5/CoralUI/components/node-jscoverage/install-sh'
libdir='${exec_prefix}/lib'
libexecdir='${exec_prefix}/libexec'
localedir='${datarootdir}/locale'
localstatedir='${prefix}/var'
mandir='${datarootdir}/man'
mkdir_p='$(top_builddir)/./install-sh -c -d'
oldincludedir='/usr/include'
pdfdir='${docdir}'
prefix='NONE'
program_transform_name='s,x,x,'
psdir='${docdir}'
sbindir='${exec_prefix}/sbin'
sharedstatedir='${prefix}/com'
sysconfdir='${prefix}/etc'
target_alias=''

## ----------- ##
## confdefs.h. ##
## ----------- ##

#define PACKAGE_NAME "jscoverage"
#define PACKAGE_TARNAME "jscoverage"
#define PACKAGE_VERSION "0.4"
#define PACKAGE_STRING "jscoverage 0.4"
#define PACKAGE_BUGREPORT ""
#define PACKAGE "jscoverage"
#define VERSION "0.4"

configure: exit 1
